0 info it worked if it ends with ok
1 verbose cli [ 'node', '/usr/local/bin/npm', 'start' ]
2 info using npm@1.1.59
3 info using node@v0.8.8
4 verbose read json /Users/arcturus/Documents/dev/git/arcturus/firefox-os-simplepush/server/package.json
5 warn package.json simplepush-client@0.0.1 No README.md file found!
6 verbose run-script [ 'prestart', 'start', 'poststart' ]
7 info prestart simplepush-client@0.0.1
8 info start simplepush-client@0.0.1
9 verbose unsafe-perm in lifecycle true
10 silly exec sh "-c" "node ./bin/start"
11 silly sh,-c,node ./bin/start,/Users/arcturus/Documents/dev/git/arcturus/firefox-os-simplepush/server spawning
12 info simplepush-client@0.0.1 Failed to exec start script
13 error simplepush-client@0.0.1 start: `node ./bin/start`
13 error `sh "-c" "node ./bin/start"` failed with 1
14 error Failed at the simplepush-client@0.0.1 start script.
14 error This is most likely a problem with the simplepush-client package,
14 error not with npm itself.
14 error Tell the author that this fails on your system:
14 error     node ./bin/start
14 error You can get their info via:
14 error     npm owner ls simplepush-client
14 error There is likely additional logging output above.
15 error System Darwin 11.4.2
16 error command "node" "/usr/local/bin/npm" "start"
17 error cwd /Users/arcturus/Documents/dev/git/arcturus/firefox-os-simplepush/server
18 error node -v v0.8.8
19 error npm -v 1.1.59
20 error code ELIFECYCLE
21 verbose exit [ 1, true ]
